#
# There is insufficient memory for the Java Runtime Environment to continue.
# Native memory allocation (malloc) failed to allocate 32744 bytes for ChunkPool::allocate
# Possible reasons:
#   The system is out of physical RAM or swap space
#   In 32 bit mode, the process size limit was hit
# Possible solutions:
#   Reduce memory load on the system
#   Increase physical memory or swap space
#   Check if swap backing store is full
#   Use 64 bit Java on a 64 bit OS
#   Decrease Java heap size (-Xmx/-Xms)
#   Decrease number of Java threads
#   Decrease Java thread stack sizes (-Xss)
#   Set larger code cache with -XX:ReservedCodeCacheSize=
# This output file may be truncated or incomplete.
#
#  Out of Memory Error (allocation.cpp:273), pid=12184, tid=0x0000000000000690
#
# JRE version: OpenJDK Runtime Environment (8.0_112-b06) (build 1.8.0_112-release-b06)
# Java VM: OpenJDK 64-Bit Server VM (25.112-b06 mixed mode windows-amd64 compressed oops)
# Failed to write core dump. Minidumps are not enabled by default on client versions of Windows
#

---------------  T H R E A D  ---------------

Current thread (0x0000000016c14000):  JavaThread "C2 CompilerThread1" daemon [_thread_in_native, id=1680, stack(0x00000000172c0000,0x00000000173c0000)]

Stack: [0x00000000172c0000,0x00000000173c0000]
[error occurred during error reporting (printing stack bounds), id 0xc0000005]

Native frames: (J=compiled Java code, j=interpreted, Vv=VM code, C=native code)


Current CompileTask:
C2:   7455 3823   !   4       java.lang.reflect.Executable::sharedToString (102 bytes)


---------------  P R O C E S S  ---------------

Java Threads: ( => current thread )
  0x0000000018b7c800 JavaThread "Cache worker for task history cache (X:\FTC\ftc_app-3.6\.gradle\3.5\taskHistory)" [_thread_blocked, id=13272, stack(0x000000001f7e0000,0x000000001f8e0000)]
  0x0000000018fc7000 JavaThread "Memory manager" [_thread_blocked, id=24516, stack(0x000000001d590000,0x000000001d690000)]
  0x0000000018fc0800 JavaThread "Cache worker for Artifact transforms cache (C:\Users\Martin\.gradle\caches\transforms-1)" [_thread_blocked, id=2656, stack(0x000000001c3f0000,0x000000001c4f0000)]
  0x00000000184f3800 JavaThread "File lock request listener" [_thread_in_native, id=11688, stack(0x000000001af20000,0x000000001b020000)]
  0x0000000018e75800 JavaThread "Cache worker for file hash cache (C:\Users\Martin\.gradle\caches\3.5\fileHashes)" [_thread_blocked, id=22924, stack(0x000000001ae20000,0x000000001af20000)]
  0x0000000018c63000 JavaThread "Stdin handler" [_thread_blocked, id=21624, stack(0x000000001ad20000,0x000000001ae20000)]
  0x0000000018511000 JavaThread "Asynchronous log dispatcher for DefaultDaemonConnection: socket connection from /127.0.0.1:59983 to /127.0.0.1:59984" [_thread_blocked, id=10060, stack(0x000000001ac20000,0x000000001ad20000)]
  0x0000000018597800 JavaThread "Daemon worker" [_thread_in_native, id=17740, stack(0x000000001ab20000,0x000000001ac20000)]
  0x0000000018592000 JavaThread "Cancel handler" [_thread_blocked, id=21424, stack(0x000000001aa20000,0x000000001ab20000)]
  0x00000000183cd800 JavaThread "Handler for socket connection from /127.0.0.1:59983 to /127.0.0.1:59984" [_thread_in_native, id=7548, stack(0x000000001a720000,0x000000001a820000)]
  0x000000001831a000 JavaThread "Daemon" [_thread_blocked, id=20220, stack(0x000000001a620000,0x000000001a720000)]
  0x00000000184c0000 JavaThread "Daemon periodic checks" [_thread_blocked, id=2044, stack(0x000000001a520000,0x000000001a620000)]
  0x0000000018a00000 JavaThread "Incoming local TCP Connector on port 59983" [_thread_in_native, id=17968, stack(0x000000001a060000,0x000000001a160000)]
  0x0000000016c45000 JavaThread "Service Thread" daemon [_thread_blocked, id=9148, stack(0x00000000174c0000,0x00000000175c0000)]
  0x0000000016c27000 JavaThread "C1 CompilerThread2" daemon [_thread_in_native, id=2808, stack(0x00000000173c0000,0x00000000174c0000)]
=>0x0000000016c14000 JavaThread "C2 CompilerThread1" daemon [_thread_in_native, id=1680, stack(0x00000000172c0000,0x00000000173c0000)]
  0x00000000156cd000 JavaThread "C2 CompilerThread0" daemon [_thread_in_native, id=23320, stack(0x00000000171c0000,0x00000000172c0000)]
  0x0000000015681800 JavaThread "Attach Listener" daemon [_thread_blocked, id=4864, stack(0x00000000170c0000,0x00000000171c0000)]
  0x0000000016bc8800 JavaThread "Signal Dispatcher" daemon [_thread_blocked, id=22576, stack(0x0000000016fc0000,0x00000000170c0000)]
  0x0000000015658800 JavaThread "Finalizer" daemon [_thread_blocked, id=14900, stack(0x00000000168d0000,0x00000000169d0000)]
  0x0000000002bc2000 JavaThread "Reference Handler" daemon [_thread_blocked, id=20344, stack(0x00000000167d0000,0x00000000168d0000)]
  0x0000000002ad2800 JavaThread "main" [_thread_blocked, id=9924, stack(0x0000000001220000,0x0000000001320000)]

Other Threads:
  0x0000000015636800 VMThread [stack: 0x00000000166d0000,0x00000000167d0000] [id=20740]
  0x0000000016c48000 WatcherThread [stack: 0x00000000175c0000,0x00000000176c0000] [id=24300]

VM state:not at safepoint (normal execution)

VM Mutex/Monitor currently owned by a thread: None

Heap:
 PSYoungGen      total 107008K, used 40488K [0x00000000eab00000, 0x00000000f4980000, 0x0000000100000000)
  eden space 96256K, 42% used [0x00000000eab00000,0x00000000ed28a208,0x00000000f0900000)
  from space 10752K, 0% used [0x00000000f0900000,0x00000000f0900000,0x00000000f1380000)
  to   space 11264K, 0% used [0x00000000f3e80000,0x00000000f3e80000,0x00000000f4980000)
 ParOldGen       total 66560K, used 16149K [0x00000000c0000000, 0x00000000c4100000, 0x00000000eab00000)
  object space 66560K, 24% used [0x00000000c0000000,0x00000000c0fc54b0,0x00000000c4100000)
 Metaspace       used 35770K, capacity 36574K, committed 36864K, reserved 1081344K
  class space    used 4812K, capacity 5003K, committed 5120K, reserved 1048576K

Card table byte_map: [0x0000000012360000,0x0000000012570000] byte_map_base: 0x0000000011d60000

Marking Bits: (ParMarkBitMap*) 0x0000000072a218f0
 Begin Bits: [0x0000000012ad0000, 0x0000000013ad0000)
 End Bits:   [0x0000000013ad0000, 0x0000000014ad0000)

Polling page: 0x0000000000df0000

CodeCache: size=245760Kb used=12917Kb max_used=12943Kb free=232842Kb
 bounds [0x0000000002fa0000, 0x0000000003c50000, 0x0000000011fa0000]
 total_blobs=4383 nmethods=3668 adapters=626
 compilation: enabled

Compilation events (10 events):
Event: 7.442 Thread 0x0000000016c27000 nmethod 3988 0x000000000372a650 code [0x000000000372a820, 0x000000000372b018]
Event: 7.442 Thread 0x0000000016c27000 3989       3       org.gradle.model.internal.manage.schema.extract.StructSchemaExtractionStrategySupport$5::execute (9 bytes)
Event: 7.442 Thread 0x0000000016c27000 nmethod 3989 0x0000000003729fd0 code [0x000000000372a140, 0x000000000372a510]
Event: 7.443 Thread 0x0000000016c27000 3990       3       com.google.common.collect.Iterators$5::next (33 bytes)
Event: 7.443 Thread 0x0000000016c27000 nmethod 3990 0x0000000003729910 code [0x0000000003729aa0, 0x0000000003729e88]
Event: 7.444 Thread 0x0000000016c27000 3991       3       com.google.common.cache.LocalCache$Segment::getFirst (21 bytes)
Event: 7.444 Thread 0x0000000016c27000 nmethod 3991 0x00000000037290d0 code [0x0000000003729260, 0x0000000003729748]
Event: 7.445 Thread 0x0000000016c27000 3992       3       org.gradle.model.internal.registry.ModelNodeInternal::isAtLeast (17 bytes)
Event: 7.445 Thread 0x0000000016c27000 nmethod 3992 0x0000000003728b50 code [0x0000000003728cc0, 0x0000000003728ff8]
Event: 7.447 Thread 0x0000000016c27000 3994       3       org.objectweb.asm.ClassReader::a (3351 bytes)

GC Heap History (10 events):
Event: 3.432 GC heap before
{Heap before GC invocations=5 (full 1):
 PSYoungGen      total 71680K, used 5107K [0x00000000eab00000, 0x00000000ef600000, 0x0000000100000000)
  eden space 66560K, 0% used [0x00000000eab00000,0x00000000eab00000,0x00000000eec00000)
  from space 5120K, 99% used [0x00000000ef100000,0x00000000ef5fcff0,0x00000000ef600000)
  to   space 5120K, 0% used [0x00000000eec00000,0x00000000eec00000,0x00000000ef100000)
 ParOldGen       total 87552K, used 8854K [0x00000000c0000000, 0x00000000c5580000, 0x00000000eab00000)
  object space 87552K, 10% used [0x00000000c0000000,0x00000000c08a5970,0x00000000c5580000)
 Metaspace       used 20750K, capacity 21118K, committed 21248K, reserved 1067008K
  class space    used 2797K, capacity 2975K, committed 3072K, reserved 1048576K
Event: 3.477 GC heap after
Heap after GC invocations=5 (full 1):
 PSYoungGen      total 71680K, used 0K [0x00000000eab00000, 0x00000000ef600000, 0x0000000100000000)
  eden space 66560K, 0% used [0x00000000eab00000,0x00000000eab00000,0x00000000eec00000)
  from space 5120K, 0% used [0x00000000ef100000,0x00000000ef100000,0x00000000ef600000)
  to   space 5120K, 0% used [0x00000000eec00000,0x00000000eec00000,0x00000000ef100000)
 ParOldGen       total 66560K, used 10052K [0x00000000c0000000, 0x00000000c4100000, 0x00000000eab00000)
  object space 66560K, 15% used [0x00000000c0000000,0x00000000c09d12f8,0x00000000c4100000)
 Metaspace       used 20750K, capacity 21118K, committed 21248K, reserved 1067008K
  class space    used 2797K, capacity 2975K, committed 3072K, reserved 1048576K
}
Event: 5.011 GC heap before
{Heap before GC invocations=6 (full 1):
 PSYoungGen      total 71680K, used 66560K [0x00000000eab00000, 0x00000000ef600000, 0x0000000100000000)
  eden space 66560K, 100% used [0x00000000eab00000,0x00000000eec00000,0x00000000eec00000)
  from space 5120K, 0% used [0x00000000ef100000,0x00000000ef100000,0x00000000ef600000)
  to   space 5120K, 0% used [0x00000000eec00000,0x00000000eec00000,0x00000000ef100000)
 ParOldGen       total 66560K, used 10052K [0x00000000c0000000, 0x00000000c4100000, 0x00000000eab00000)
  object space 66560K, 15% used [0x00000000c0000000,0x00000000c09d12f8,0x00000000c4100000)
 Metaspace       used 26073K, capacity 26586K, committed 26624K, reserved 1073152K
  class space    used 3645K, capacity 3807K, committed 3840K, reserved 1048576K
Event: 5.022 GC heap after
Heap after GC invocations=6 (full 1):
 PSYoungGen      total 71680K, used 5101K [0x00000000eab00000, 0x00000000f1f80000, 0x0000000100000000)
  eden space 66560K, 0% used [0x00000000eab00000,0x00000000eab00000,0x00000000eec00000)
  from space 5120K, 99% used [0x00000000eec00000,0x00000000ef0fb728,0x00000000ef100000)
  to   space 10752K, 0% used [0x00000000f1500000,0x00000000f1500000,0x00000000f1f80000)
 ParOldGen       total 66560K, used 12482K [0x00000000c0000000, 0x00000000c4100000, 0x00000000eab00000)
  object space 66560K, 18% used [0x00000000c0000000,0x00000000c0c308d0,0x00000000c4100000)
 Metaspace       used 26073K, capacity 26586K, committed 26624K, reserved 1073152K
  class space    used 3645K, capacity 3807K, committed 3840K, reserved 1048576K
}
Event: 6.128 GC heap before
{Heap before GC invocations=7 (full 1):
 PSYoungGen      total 71680K, used 71661K [0x00000000eab00000, 0x00000000f1f80000, 0x0000000100000000)
  eden space 66560K, 100% used [0x00000000eab00000,0x00000000eec00000,0x00000000eec00000)
  from space 5120K, 99% used [0x00000000eec00000,0x00000000ef0fb728,0x00000000ef100000)
  to   space 10752K, 0% used [0x00000000f1500000,0x00000000f1500000,0x00000000f1f80000)
 ParOldGen       total 66560K, used 12482K [0x00000000c0000000, 0x00000000c4100000, 0x00000000eab00000)
  object space 66560K, 18% used [0x00000000c0000000,0x00000000c0c308d0,0x00000000c4100000)
 Metaspace       used 29784K, capacity 30442K, committed 30720K, reserved 1075200K
  class space    used 4086K, capacity 4278K, committed 4352K, reserved 1048576K
Event: 6.137 GC heap after
Heap after GC invocations=7 (full 1):
 PSYoungGen      total 105472K, used 7531K [0x00000000eab00000, 0x00000000f1e00000, 0x0000000100000000)
  eden space 96256K, 0% used [0x00000000eab00000,0x00000000eab00000,0x00000000f0900000)
  from space 9216K, 81% used [0x00000000f1500000,0x00000000f1c5ac10,0x00000000f1e00000)
  to   space 10752K, 0% used [0x00000000f0900000,0x00000000f0900000,0x00000000f1380000)
 ParOldGen       total 66560K, used 12490K [0x00000000c0000000, 0x00000000c4100000, 0x00000000eab00000)
  object space 66560K, 18% used [0x00000000c0000000,0x00000000c0c328d0,0x00000000c4100000)
 Metaspace       used 29784K, capacity 30442K, committed 30720K, reserved 1075200K
  class space    used 4086K, capacity 4278K, committed 4352K, reserved 1048576K
}
Event: 7.041 GC heap before
{Heap before GC invocations=8 (full 1):
 PSYoungGen      total 105472K, used 39053K [0x00000000eab00000, 0x00000000f1e00000, 0x0000000100000000)
  eden space 96256K, 32% used [0x00000000eab00000,0x00000000ec9c8838,0x00000000f0900000)
  from space 9216K, 81% used [0x00000000f1500000,0x00000000f1c5ac10,0x00000000f1e00000)
  to   space 10752K, 0% used [0x00000000f0900000,0x00000000f0900000,0x00000000f1380000)
 ParOldGen       total 66560K, used 12490K [0x00000000c0000000, 0x00000000c4100000, 0x00000000eab00000)
  object space 66560K, 18% used [0x00000000c0000000,0x00000000c0c328d0,0x00000000c4100000)
 Metaspace       used 34543K, capacity 35314K, committed 35416K, reserved 1079296K
  class space    used 4652K, capacity 4840K, committed 4864K, reserved 1048576K
Event: 7.051 GC heap after
Heap after GC invocations=8 (full 1):
 PSYoungGen      total 107008K, used 9629K [0x00000000eab00000, 0x00000000f4980000, 0x0000000100000000)
  eden space 96256K, 0% used [0x00000000eab00000,0x00000000eab00000,0x00000000f0900000)
  from space 10752K, 89% used [0x00000000f0900000,0x00000000f12675d8,0x00000000f1380000)
  to   space 11264K, 0% used [0x00000000f3e80000,0x00000000f3e80000,0x00000000f4980000)
 ParOldGen       total 66560K, used 12562K [0x00000000c0000000, 0x00000000c4100000, 0x00000000eab00000)
  object space 66560K, 18% used [0x00000000c0000000,0x00000000c0c448e0,0x00000000c4100000)
 Metaspace       used 34543K, capacity 35314K, committed 35416K, reserved 1079296K
  class space    used 4652K, capacity 4840K, committed 4864K, reserved 1048576K
}
Event: 7.051 GC heap before
{Heap before GC invocations=9 (full 2):
 PSYoungGen      total 107008K, used 9629K [0x00000000eab00000, 0x00000000f4980000, 0x0000000100000000)
  eden space 96256K, 0% used [0x00000000eab00000,0x00000000eab00000,0x00000000f0900000)
  from space 10752K, 89% used [0x00000000f0900000,0x00000000f12675d8,0x00000000f1380000)
  to   space 11264K, 0% used [0x00000000f3e80000,0x00000000f3e80000,0x00000000f4980000)
 ParOldGen       total 66560K, used 12562K [0x00000000c0000000, 0x00000000c4100000, 0x00000000eab00000)
  object space 66560K, 18% used [0x00000000c0000000,0x00000000c0c448e0,0x00000000c4100000)
 Metaspace       used 34543K, capacity 35314K, committed 35416K, reserved 1079296K
  class space    used 4652K, capacity 4840K, committed 4864K, reserved 1048576K
Event: 7.130 GC heap after
Heap after GC invocations=9 (full 2):
 PSYoungGen      total 107008K, used 0K [0x00000000eab00000, 0x00000000f4980000, 0x0000000100000000)
  eden space 96256K, 0% used [0x00000000eab00000,0x00000000eab00000,0x00000000f0900000)
  from space 10752K, 0% used [0x00000000f0900000,0x00000000f0900000,0x00000000f1380000)
  to   space 11264K, 0% used [0x00000000f3e80000,0x00000000f3e80000,0x00000000f4980000)
 ParOldGen       total 66560K, used 16149K [0x00000000c0000000, 0x00000000c4100000, 0x00000000eab00000)
  object space 66560K, 24% used [0x00000000c0000000,0x00000000c0fc54b0,0x00000000c4100000)
 Metaspace       used 34543K, capacity 35314K, committed 35416K, reserved 1079296K
  class space    used 4652K, capacity 4840K, committed 4864K, reserved 1048576K
}

Deoptimization events (10 events):
Event: 5.949 Thread 0x0000000018597800 Uncommon trap: reason=unstable_if action=reinterpret pc=0x0000000003991b70 method=com.sun.org.apache.xerces.internal.impl.io.UTF8Reader.read([CII)I @ 131
Event: 6.108 Thread 0x0000000018597800 Uncommon trap: reason=unstable_if action=reinterpret pc=0x0000000003a85d84 method=com.sun.org.apache.xerces.internal.impl.XMLEntityScanner.scanName()Ljava/lang/String; @ 69
Event: 6.143 Thread 0x0000000018597800 Uncommon trap: reason=unstable_if action=reinterpret pc=0x0000000003ad6d30 method=com.sun.org.apache.xerces.internal.impl.XMLDocumentFragmentScannerImpl$FragmentContentDriver.next()I @ 815
Event: 6.753 Thread 0x0000000018597800 Uncommon trap: reason=unstable_if action=reinterpret pc=0x00000000039eead0 method=java.lang.Integer.valueOf(I)Ljava/lang/Integer; @ 3
Event: 7.135 Thread 0x0000000018597800 Uncommon trap: reason=unstable_if action=reinterpret pc=0x0000000003bfe31c method=java.util.WeakHashMap.put(Ljava/lang/Object;Ljava/lang/Object;)Ljava/lang/Object; @ 47
Event: 7.150 Thread 0x0000000018597800 Uncommon trap: reason=unstable_if action=reinterpret pc=0x00000000034d02ec method=sun.misc.MetaIndex.mayContain(Ljava/lang/String;)Z @ 38
Event: 7.282 Thread 0x0000000018597800 Uncommon trap: reason=unstable_if action=reinterpret pc=0x0000000003876e68 method=java.util.HashMap.putVal(ILjava/lang/Object;Ljava/lang/Object;ZZ)Ljava/lang/Object; @ 162
Event: 7.282 Thread 0x0000000018597800 Uncommon trap: reason=unstable_if action=reinterpret pc=0x0000000003230644 method=java.util.HashMap.resize()[Ljava/util/HashMap$Node; @ 206
Event: 7.360 Thread 0x0000000018597800 Uncommon trap: reason=unstable_if action=reinterpret pc=0x00000000034ca50c method=java.lang.reflect.Modifier.toString(I)Ljava/lang/String; @ 123
Event: 7.360 Thread 0x0000000018597800 Uncommon trap: reason=unstable_if action=reinterpret pc=0x000000000346e71c method=java.lang.reflect.Modifier.toString(I)Ljava/lang/String; @ 123

Internal exceptions (10 events):
Event: 5.263 Thread 0x0000000018597800 Exception <a 'java/lang/ClassNotFoundException': org/gradle/tooling/provider/model/internal/DefaultToolingModelBuilderRegistryBeanInfo> (0x00000000eb762ae0) thrown at [C:\src\android\AOSP-openjdk\external\jetbrains\jdk\hotspot\src\share\vm\classfile\systemwÅM×@
Event: 5.264 Thread 0x0000000018597800 Exception <a 'java/lang/ClassNotFoundException': org/gradle/tooling/provider/model/internal/DefaultToolingModelBuilderRegistryCustomizer> (0x00000000eb7962d8) thrown at [C:\src\android\AOSP-openjdk\external\jetbrains\jdk\hotspot\src\share\vm\classfile\systÛ,*Š_@
Event: 5.343 Thread 0x0000000018597800 Exception <a 'java/lang/ClassNotFoundException': build_bqdxk85vj6d1lu04m93qyspafBeanInfo> (0x00000000ebd3f858) thrown at [C:\src\android\AOSP-openjdk\external\jetbrains\jdk\hotspot\src\share\vm\classfile\systemDictionary.cpp, line 210]
Event: 5.343 Thread 0x0000000018597800 Exception <a 'java/lang/ClassNotFoundException': org/gradle/api/internal/project/ProjectScriptBeanInfo> (0x00000000ebd50e78) thrown at [C:\src\android\AOSP-openjdk\external\jetbrains\jdk\hotspot\src\share\vm\classfile\systemDictionary.cpp, line 210]
Event: 5.343 Thread 0x0000000018597800 Exception <a 'java/lang/ClassNotFoundException': org/gradle/api/internal/project/ProjectScriptCustomizer> (0x00000000ebd628d8) thrown at [C:\src\android\AOSP-openjdk\external\jetbrains\jdk\hotspot\src\share\vm\classfile\systemDictionary.cpp, line 210]
Event: 5.344 Thread 0x0000000018597800 Exception <a 'java/lang/ClassNotFoundException': build_bqdxk85vj6d1lu04m93qyspafCustomizer> (0x00000000ebd80618) thrown at [C:\src\android\AOSP-openjdk\external\jetbrains\jdk\hotspot\src\share\vm\classfile\systemDictionary.cpp, line 210]
Event: 6.621 Thread 0x0000000018597800 Exception <a 'java/lang/ClassNotFoundException': build_9dh1rzw63zrwdvruiflw1qje3BeanInfo> (0x00000000eb169d58) thrown at [C:\src\android\AOSP-openjdk\external\jetbrains\jdk\hotspot\src\share\vm\classfile\systemDictionary.cpp, line 210]
Event: 6.622 Thread 0x0000000018597800 Exception <a 'java/lang/ClassNotFoundException': build_9dh1rzw63zrwdvruiflw1qje3Customizer> (0x00000000eb173070) thrown at [C:\src\android\AOSP-openjdk\external\jetbrains\jdk\hotspot\src\share\vm\classfile\systemDictionary.cpp, line 210]
Event: 6.644 Thread 0x0000000018597800 Exception <a 'java/security/PrivilegedActionException'> (0x00000000eb219838) thrown at [C:\src\android\AOSP-openjdk\external\jetbrains\jdk\hotspot\src\share\vm\prims\jvm.cpp, line 1390]
Event: 6.644 Thread 0x0000000018597800 Exception <a 'java/security/PrivilegedActionException'> (0x00000000eb21a000) thrown at [C:\src\android\AOSP-openjdk\external\jetbrains\jdk\hotspot\src\share\vm\prims\jvm.cpp, line 1390]

Events (10 events):
Event: 7.388 loading class org/apache/tools/ant/types/EnumeratedAttribute
Event: 7.388 loading class org/apache/tools/ant/types/EnumeratedAttribute done
Event: 7.388 loading class org/apache/tools/ant/types/Reference
Event: 7.388 loading class org/apache/tools/ant/types/Reference done
Event: 7.388 loading class org/apache/tools/ant/Location
Event: 7.388 loading class org/apache/tools/ant/Location done
Event: 7.395 loading class org/apache/tools/ant/input/InputRequest
Event: 7.395 loading class org/apache/tools/ant/input/InputRequest done
Event: 7.446 loading class org/gradle/api/plugins/JavaPluginConvention
Event: 7.446 loading class org/gradle/api/plugins/JavaPluginConvention done


Dynamic libraries:
0x00007ff75ab10000 - 0x00007ff75ab41000 	X:\Program Files\Android\Android Studio\jre\bin\java.exe
0x00007ffe0d820000 - 0x00007ffe0d9fb000 	C:\WINDOWS\SYSTEM32\ntdll.dll
0x00007ffe0cb50000 - 0x00007ffe0cbfe000 	C:\WINDOWS\System32\KERNEL32.DLL
0x00007ffe09d70000 - 0x00007ffe09fb9000 	C:\WINDOWS\System32\KERNELBASE.dll
0x00007ffe0b200000 - 0x00007ffe0b2a1000 	C:\WINDOWS\System32\ADVAPI32.dll
0x00007ffe0d750000 - 0x00007ffe0d7ed000 	C:\WINDOWS\System32\msvcrt.dll
0x00007ffe0d680000 - 0x00007ffe0d6d9000 	C:\WINDOWS\System32\sechost.dll
0x00007ffe0ad50000 - 0x00007ffe0ae75000 	C:\WINDOWS\System32\RPCRT4.dll
0x00007ffe0d530000 - 0x00007ffe0d67a000 	C:\WINDOWS\System32\USER32.dll
0x00007ffe0a200000 - 0x00007ffe0a21e000 	C:\WINDOWS\System32\win32u.dll
0x00007ffe0cff0000 - 0x00007ffe0d017000 	C:\WINDOWS\System32\GDI32.dll
0x00007ffe0a220000 - 0x00007ffe0a3a7000 	C:\WINDOWS\System32\gdi32full.dll
0x00007ffe0a4b0000 - 0x00007ffe0a54a000 	C:\WINDOWS\System32\msvcp_win.dll
0x00007ffe0a550000 - 0x00007ffe0a646000 	C:\WINDOWS\System32\ucrtbase.dll
0x00007ffdf4b60000 - 0x00007ffdf4dc7000 	C:\WINDOWS\WinSxS\amd64_microsoft.windows.common-controls_6595b64144ccf1df_6.0.15063.483_none_26002d27e7c744a2\COMCTL32.dll
0x00007ffe0af00000 - 0x00007ffe0b1f9000 	C:\WINDOWS\System32\combase.dll
0x00007ffe0a190000 - 0x00007ffe0a1fa000 	C:\WINDOWS\System32\bcryptPrimitives.dll
0x00007ffe0d330000 - 0x00007ffe0d35d000 	C:\WINDOWS\System32\IMM32.DLL
0x0000000072180000 - 0x0000000072252000 	X:\Program Files\Android\Android Studio\jre\jre\bin\msvcr100.dll
0x0000000072260000 - 0x0000000072a9c000 	X:\Program Files\Android\Android Studio\jre\jre\bin\server\jvm.dll
0x00007ffe0cb40000 - 0x00007ffe0cb48000 	C:\WINDOWS\System32\PSAPI.DLL
0x00007ffe00280000 - 0x00007ffe002a3000 	C:\WINDOWS\SYSTEM32\WINMM.dll
0x00007ffe06600000 - 0x00007ffe06609000 	C:\WINDOWS\SYSTEM32\WSOCK32.dll
0x00007ffdfdee0000 - 0x00007ffdfdeea000 	C:\WINDOWS\SYSTEM32\VERSION.dll
0x00007ffe0cf20000 - 0x00007ffe0cf8c000 	C:\WINDOWS\System32\WS2_32.dll
0x00007ffe00250000 - 0x00007ffe0027b000 	C:\WINDOWS\SYSTEM32\WINMMBASE.dll
0x00007ffe0a3b0000 - 0x00007ffe0a3f9000 	C:\WINDOWS\System32\cfgmgr32.dll
0x00007ffe01fd0000 - 0x00007ffe01fdf000 	X:\Program Files\Android\Android Studio\jre\jre\bin\verify.dll
0x00007ffdddd60000 - 0x00007ffdddd89000 	X:\Program Files\Android\Android Studio\jre\jre\bin\java.dll
0x00007ffdffad0000 - 0x00007ffdffae6000 	X:\Program Files\Android\Android Studio\jre\jre\bin\zip.dll
0x00007ffe0b700000 - 0x00007ffe0cb37000 	C:\WINDOWS\System32\SHELL32.dll
0x00007ffe0d3e0000 - 0x00007ffe0d48a000 	C:\WINDOWS\System32\shcore.dll
0x00007ffe0a650000 - 0x00007ffe0ad41000 	C:\WINDOWS\System32\windows.storage.dll
0x00007ffe0cf90000 - 0x00007ffe0cfe1000 	C:\WINDOWS\System32\shlwapi.dll
0x00007ffe09c60000 - 0x00007ffe09c71000 	C:\WINDOWS\System32\kernel.appcore.dll
0x00007ffe09cc0000 - 0x00007ffe09d0c000 	C:\WINDOWS\System32\powrprof.dll
0x00007ffe09ca0000 - 0x00007ffe09cb5000 	C:\WINDOWS\System32\profapi.dll
0x00007ffdcf910000 - 0x00007ffdcf92a000 	X:\Program Files\Android\Android Studio\jre\jre\bin\net.dll
0x00007ffe09510000 - 0x00007ffe0956c000 	C:\WINDOWS\system32\mswsock.dll
0x00007ffdced60000 - 0x00007ffdced71000 	X:\Program Files\Android\Android Studio\jre\jre\bin\nio.dll
0x00007ffe03880000 - 0x00007ffe0389e000 	C:\Users\Martin\.gradle\native\25\windows-amd64\native-platform.dll
0x00007ffe096b0000 - 0x00007ffe096c7000 	C:\WINDOWS\SYSTEM32\CRYPTSP.dll
0x00007ffe09130000 - 0x00007ffe09164000 	C:\WINDOWS\system32\rsaenh.dll
0x00007ffe09b30000 - 0x00007ffe09b55000 	C:\WINDOWS\SYSTEM32\bcrypt.dll
0x00007ffe09b90000 - 0x00007ffe09bb9000 	C:\WINDOWS\SYSTEM32\USERENV.dll
0x00007ffe096d0000 - 0x00007ffe096db000 	C:\WINDOWS\SYSTEM32\CRYPTBASE.dll
0x00007ffe092b0000 - 0x00007ffe092e7000 	C:\WINDOWS\SYSTEM32\IPHLPAPI.DLL
0x00007ffe0d740000 - 0x00007ffe0d748000 	C:\WINDOWS\System32\NSI.dll
0x00007ffe05a60000 - 0x00007ffe05a76000 	C:\WINDOWS\SYSTEM32\dhcpcsvc6.DLL
0x00007ffe055a0000 - 0x00007ffe055ba000 	C:\WINDOWS\SYSTEM32\dhcpcsvc.DLL
0x00007ffdffe70000 - 0x00007ffdffe7d000 	X:\Program Files\Android\Android Studio\jre\jre\bin\management.dll

VM Arguments:
jvm_args: -XX:MaxPermSize=256m -XX:+HeapDumpOnOutOfMemoryError -Xmx1024m -Dfile.encoding=GBK -Duser.country=US -Duser.language=en -Duser.variant 
java_command: org.gradle.launcher.daemon.bootstrap.GradleDaemon 3.5
java_class_path (initial): C:\Users\Martin\.gradle\wrapper\dists\gradle-3.5-all\exhrs6ca08n232b14ue48lbye\gradle-3.5\lib\gradle-launcher-3.5.jar
Launcher Type: SUN_STANDARD

Environment Variables:
JAVA_HOME=C:\Program Files\Java\jdk-9.0.1
CLASSPATH=.;C:\Program Files\Java\jdk-9.0.1\lib;C:\Program Files\Java\jdk-9.0.1\lib\dt.jar;C:\Program Files\Java\jdk-9.0.1\lib\tools.jar;C:\Program Files\Java\junit-4.12.jar
PATH=C:\Program Files\Java\jdk-9.0.1\bin;C:\Program Files\Java\jdk-9.0.1\jre\bin;C:\ProgramData\Oracle\Java\javapath;C:\Program Files (x86)\NVIDIA Corporation\PhysX\Common;D:\Program Files\PTC\MKS Toolkit\bin64;D:\Program Files\PTC\MKS Toolkit\bin;D:\Program Files\PTC\MKS Toolkit\bin\X11;D:\Program Files\PTC\MKS Toolkit\mksnt;C:\WINDOWS\system32;C:\WINDOWS;C:\WINDOWS\System32\Wbem;C:\WINDOWS\System32\WindowsPowerShell\v1.0\;C:\Program Files\Intel\WiFi\bin\;C:\Program Files\Common Files\Intel\WirelessCommon\;C:\Program Files (x86)\IVI Foundation\VISA\WinNT\Bin;C:\Program Files\Microsoft SQL Server\130\Tools\Binn\;C:\Program Files (x86)\Windows Kits\8.1\Windows Performance Toolkit\;C:\Program Files\Microsoft SQL Server\Client SDK\ODBC\110\Tools\Binn\;C:\Program Files (x86)\Microsoft SQL Server\120\Tools\Binn\;C:\Program Files\Microsoft SQL Server\120\Tools\Binn\;C:\Program Files\Microsoft SQL Server\120\DTS\Binn\;C:\Program Files (x86)\Windows Kits\10\Windows Performance Toolkit\;C:\Program Files (x86)\Skype\Phone\;X:\Program Files\TortoiseSVN\bin;D:\Program Files\PuTTY\;X:\Users\Martin\AppData\Local\Programs\Python\Python36\Scripts\;X:\Users\Martin\AppData\Local\Programs\Python\Python36\;C:\Program Files\Intel\WiFi\bin\;C:\Program Files\Common Files\Intel\WirelessCommon\;C:\Users\Martin\AppData\Local\Microsoft\WindowsApps;;C:\Program Files (x86)\SSH Communications Security\SSH Secure Shell;D:\Program Files (x86)\Microsoft VS Code\bin
USERNAME=Martin
DISPLAY=:0.0
OS=Windows_NT
PROCESSOR_IDENTIFIER=Intel64 Family 6 Model 78 Stepping 3, GenuineIntel



---------------  S Y S T E M  ---------------

OS: Windows 10.0 , 64 bit Build 15063 (10.0.15063.296)

CPU:total 4 (2 cores per cpu, 2 threads per core) family 6 model 78 stepping 3, cmov, cx8, fxsr, mmx, sse, sse2, sse3, ssse3, sse4.1, sse4.2, popcnt, avx, avx2, aes, clmul, erms, 3dnowpref, lzcnt, ht, tsc, tscinvbit, bmi1, bmi2, adx

Memory: 4k page, physical 8265120k(1424744k free), swap 12317176k(4192k free)

vm_info: OpenJDK 64-Bit Server VM (25.112-b06) for windows-amd64 JRE (1.8.0_112-release-b06), built on Dec  8 2016 00:54:26 by "builder" with MS VC++ 10.0 (VS2010)

time: Sat Feb 10 08:01:13 2018
elapsed time: 7 seconds (0d 0h 0m 7s)

